d:\program\atm\consoleapplication1\consoleapplication1\debug\vc142.pdb
d:\program\atm\consoleapplication1\consoleapplication1\debug\vc142.idb
d:\program\atm\consoleapplication1\consoleapplication1\debug\atm.obj
d:\program\atm\consoleapplication1\consoleapplication1\debug\consoleapplication1.obj
d:\program\atm\consoleapplication1\debug\consoleapplication1.exe
d:\program\atm\consoleapplication1\debug\consoleapplication1.ilk
d:\program\atm\consoleapplication1\debug\consoleapplication1.pdb
d:\atm\consoleapplication1\consoleapplication1\debug\atm.obj
d:\atm\consoleapplication1\consoleapplication1\debug\consoleapplication1.obj
d:\atm\consoleapplication1\consoleapplication1\debug\vc142.idb
d:\atm\consoleapplication1\consoleapplication1\debug\vc142.pdb
d:\atm\consoleapplication1\debug\consoleapplication1.pdb
d:\atm\consoleapplication1\debug\consoleapplication1.exe
d:\atm\consoleapplication1\debug\consoleapplication1.ilk
d:\atm\consoleapplication1\consoleapplication1\debug\consolea.18dcfe30.tlog\cl.command.1.tlog
d:\atm\consoleapplication1\consoleapplication1\debug\consolea.18dcfe30.tlog\cl.read.1.tlog
d:\atm\consoleapplication1\consoleapplication1\debug\consolea.18dcfe30.tlog\cl.write.1.tlog
d:\atm\consoleapplication1\consoleapplication1\debug\consolea.18dcfe30.tlog\link.command.1.tlog
d:\atm\consoleapplication1\consoleapplication1\debug\consolea.18dcfe30.tlog\link.read.1.tlog
d:\atm\consoleapplication1\consoleapplication1\debug\consolea.18dcfe30.tlog\link.write.1.tlog
